PLINK v1.90b7.2 64-bit (11 Dec 2023)
Options in effect:
  --bfile Target_CommonSNPs
  --bmerge Reference_CommonSNPs.bed Reference_CommonSNPs.bim Reference_CommonSNPs.fam
  --make-bed
  --out Merged_files

Hostname: Daynas-MacBook-Air.local
Working directory: /Users/daynasmith/Desktop/PopGen_workshop/Data
Start time: Thu Feb 15 13:06:54 2024

Random number seed: 1707995214
8192 MB RAM detected; reserving 4096 MB for main workspace.
14 people loaded from Target_CommonSNPs.fam.
81 people to be merged from Reference_CommonSNPs.fam.
Of these, 81 are new, while 0 are present in the base dataset.
286928 markers loaded from Target_CommonSNPs.bim.
286928 markers to be merged from Reference_CommonSNPs.bim.
Of these, 0 are new, while 286928 are present in the base dataset.
Performing single-pass merge (95 people, 286928 variants).
Merged fileset written to Merged_files-merge.bed + Merged_files-merge.bim +
Merged_files-merge.fam .
286928 variants loaded from .bim file.
95 people (0 males, 0 females, 95 ambiguous) loaded from .fam.
Ambiguous sex IDs written to Merged_files.nosex .
Using 1 thread (no multithreaded calculations invoked).
Before main variant filters, 95 founders and 0 nonfounders present.
Calculating allele frequencies... done.
Total genotyping rate is 0.999359.
286928 variants and 95 people pass filters and QC.
Note: No phenotypes present.
--make-bed to Merged_files.bed + Merged_files.bim + Merged_files.fam ... done.

End time: Thu Feb 15 13:06:55 2024
