PLINK v1.90b7.2 64-bit (11 Dec 2023)
Options in effect:
  --bfile Merged_files
  --geno 0.05
  --hwe 0.00001
  --make-bed
  --mind 0.1
  --out Merged_files_QC

Hostname: Daynas-MacBook-Air.local
Working directory: /Users/daynasmith/Desktop/PopGen_workshop/Data
Start time: Thu Feb 15 13:09:18 2024

Random number seed: 1707995358
8192 MB RAM detected; reserving 4096 MB for main workspace.
286928 variants loaded from .bim file.
95 people (0 males, 0 females, 95 ambiguous) loaded from .fam.
Ambiguous sex IDs written to Merged_files_QC.nosex .
0 people removed due to missing genotype data (--mind).
Using 1 thread (no multithreaded calculations invoked).
Before main variant filters, 95 founders and 0 nonfounders present.
Calculating allele frequencies... done.
Total genotyping rate is 0.999359.
0 variants removed due to missing genotype data (--geno).
--hwe: 161 variants removed due to Hardy-Weinberg exact test.
286767 variants and 95 people pass filters and QC.
Note: No phenotypes present.
--make-bed to Merged_files_QC.bed + Merged_files_QC.bim + Merged_files_QC.fam
... done.

End time: Thu Feb 15 13:09:19 2024
